<?xml version="1.0" encoding="UTF-8"?>
<!-- Generated by org.testng.reporters.JUnitReportReporter -->
<testsuite skipped="0" hostname="DESKTOP-005N253" name="mvn.ExtentReport.ExtentReportDemo" tests="1" failures="0" timestamp="2020-09-26T08:52:00 PDT" time="3.156" errors="0">
  <testcase name="demo" time="3.156" classname="mvn.ExtentReport.ExtentReportDemo"/>
  <system-out/>
</testsuite> <!-- mvn.ExtentReport.ExtentReportDemo -->
